[2025-02-11 00:01:54] [INFO] message: [2025-02-10T23:01:54.339Z] Server started on port 3000
[2025-02-11 00:01:54] [INFO] message: [2025-02-10T23:01:54.346Z] Bot JarvisTufBot avviato
[2025-02-11 00:01:54] [INFO] message: [2025-02-10T23:01:54.347Z] --------------------
[2025-02-11 00:01:54] [INFO] message: [2025-02-10T23:01:54.347Z] Sending launch message to chatId:44537468
[2025-02-11 00:01:54] [INFO] message: [2025-02-10T23:01:54.523Z] Comandi impostati con successo!
[2025-02-11 00:03:24] [INFO] message: Server started on port 3000
[2025-02-11 00:03:24] [INFO] message: Bot JarvisTufBot avviato
[2025-02-11 00:03:24] [INFO] message: --------------------
[2025-02-11 00:03:24] [INFO] message: Sending launch message to chatId:44537468
[2025-02-11 00:03:24] [INFO] message: Comandi impostati con successo!
[2025-02-11 00:04:06] [INFO] Server started on port 3000
[2025-02-11 00:04:06] [INFO] Bot JarvisTufBot avviato
[2025-02-11 00:04:06] [INFO] --------------------
[2025-02-11 00:04:06] [INFO] Sending launch message to chatId:44537468
[2025-02-11 00:04:06] [INFO] Comandi impostati con successo!
[2025-02-11 00:05:33] [INFO] Server started on port 3000
[2025-02-11 00:05:33] [INFO] Bot JarvisTufBot avviato
[2025-02-11 00:05:33] [INFO] --------------------
[2025-02-11 00:05:33] [INFO] Sending launch message to chatId:44537468
[2025-02-11 00:05:33] [INFO] Comandi impostati con successo!
[2025-02-11 00:06:20] [INFO] message: Server started on port 3000
[2025-02-11 00:06:20] [INFO] message: Bot JarvisTufBot avviato
[2025-02-11 00:06:20] [INFO] message: --------------------
[2025-02-11 00:06:20] [INFO] message: Sending launch message to chatId:44537468
[2025-02-11 00:06:20] [INFO] message: Comandi impostati con successo!
[2025-02-11 00:07:44] [INFO] message: Server started on port 3000
[2025-02-11 00:07:44] [INFO] message: Bot JarvisTufBot avviato
[2025-02-11 00:07:44] [INFO] message: --------------------
[2025-02-11 00:07:44] [INFO] message: List of chatsId: {${chatsId}}
[2025-02-11 00:07:44] [INFO] message: Sending launch message to chatId:44537468
[2025-02-11 00:07:44] [INFO] message: Comandi impostati con successo!
[2025-02-11 00:10:18] [INFO] message: Server started on port 3000
[2025-02-11 00:10:18] [INFO] message: Bot JarvisTufBot avviato
[2025-02-11 00:10:18] [INFO] message: --------------------
[2025-02-11 00:10:18] [INFO] message: List of chatsId: {44537468}
[2025-02-11 00:10:18] [INFO] message: Sending launch message to chatId:44537468
[2025-02-11 00:10:18] [INFO] message: Comandi impostati con successo!
[2025-02-11 00:11:52] [INFO] message: Test endpoint called
[2025-02-11 00:11:52] [INFO] message: [90mPOST /setCarPosition[39m [32m200[39m [90m8ms[39m
[2025-02-11 00:19:29] [INFO] message: Server started on port 3000
[2025-02-11 00:19:29] [INFO] message: Bot JarvisTufBot avviato
[2025-02-11 00:19:29] [INFO] message: --------------------
[2025-02-11 00:19:29] [INFO] message: List of chatsId: {44537468}
[2025-02-11 00:19:29] [INFO] message: Sending launch message to chatId: 44537468
[2025-02-11 00:19:29] [INFO] message: Comandi impostati con successo!
[2025-02-11 00:20:56] [INFO] message: Server started on port 3000
[2025-02-11 00:20:56] [INFO] message: Bot JarvisTufBot avviato
[2025-02-11 00:20:56] [INFO] message: --------------------
[2025-02-11 00:20:56] [INFO] message: List of chatsId: {44537468}
[2025-02-11 00:20:56] [INFO] message: Sending launch message to chatId: 44537468
[2025-02-11 00:20:56] [INFO] message: Comandi impostati con successo!
[2025-02-11 00:21:09] [INFO] message: setCarPosition
[2025-02-11 00:21:09] [INFO] message: [90mPOST /setCarPosition[39m [32m200[39m [90m3ms[39m
[2025-02-11 00:22:14] [INFO] message: setCarPosition
[2025-02-11 00:22:14] [INFO] message: [90mPOST /setCarPosition[39m [32m200[39m [90m1ms[39m
[2025-02-11 00:58:07] [INFO] message: Test endpoint called
[2025-02-11 00:58:07] [INFO] message: [90mGET /test[39m [36m304[39m [90m2ms[39m
[2025-02-11 00:58:49] [INFO] message: Test endpoint called
[2025-02-11 00:58:49] [INFO] message: [90mGET /test?vedi=trova[39m [32m200[39m [90m1ms[39m
[2025-02-11 01:09:53] [INFO] message: setCarPosition
[2025-02-11 01:09:53] [INFO] message: [90mPOST /setCarPosition[39m [32m200[39m [90m1ms[39m
[2025-02-11 02:15:23] [INFO] message: Server started on port 3000
[2025-02-11 02:15:23] [INFO] message: Bot JarvisTufBot avviato
[2025-02-11 02:15:23] [INFO] message: --------------------
[2025-02-11 02:15:23] [INFO] message: List of chatsId: {44537468}
[2025-02-11 02:15:23] [INFO] message: Sending launch message to chatId: 44537468
[2025-02-11 02:15:23] [INFO] message: Comandi impostati con successo!
[2025-02-11 02:15:31] [INFO] message: setCarPosition
[2025-02-11 02:15:31] [ERROR] message: Error processing setcarposition request
[2025-02-11 02:15:31] [INFO] message: [90mPOST /setCarPosition[39m [31m500[39m [90m4ms[39m
[2025-02-11 02:18:00] [INFO] message: setCarPosition
[2025-02-11 02:18:00] [ERROR] message: Error processing setcarposition request
[2025-02-11 02:18:00] [INFO] message: [90mPOST /setCarPosition[39m [31m500[39m [90m2ms[39m
[2025-02-11 02:19:11] [INFO] message: setCarPosition
[2025-02-11 02:19:11] [ERROR] message: Error processing setcarposition request
[2025-02-11 02:19:11] [INFO] message: [90mPOST /setcarposition[39m [31m500[39m [90m1ms[39m
[2025-02-11 02:19:31] [INFO] message: setCarPosition
[2025-02-11 02:19:31] [ERROR] message: Error processing setcarposition request
[2025-02-11 02:19:31] [INFO] message: [90mPOST /setcarposition[39m [31m500[39m [90m1ms[39m
[2025-02-11 02:22:01] [INFO] Server started on port 3000
[2025-02-11 02:22:01] [INFO] Bot JarvisTufBot avviato
[2025-02-11 02:22:01] [INFO] --------------------
[2025-02-11 02:22:01] [INFO] List of chatsId: {44537468}
[2025-02-11 02:22:01] [INFO] Sending launch message to chatId: 44537468
[2025-02-11 02:22:02] [INFO] Comandi impostati con successo!
[2025-02-11 02:22:06] [INFO] setCarPosition
[2025-02-11 02:22:06] [INFO] setCarPosition
[2025-02-11 02:22:06] [ERROR] Error processing setcarposition request
[2025-02-11 02:22:06] [INFO] [90mPOST /setcarposition[39m [31m500[39m [90m4ms[39m
[2025-02-11 02:22:52] [INFO] Server started on port 3000
[2025-02-11 02:22:52] [INFO] Bot JarvisTufBot avviato
[2025-02-11 02:22:52] [INFO] --------------------
[2025-02-11 02:22:52] [INFO] List of chatsId: {44537468}
[2025-02-11 02:22:52] [INFO] Sending launch message to chatId: 44537468
[2025-02-11 02:22:52] [INFO] Comandi impostati con successo!
[2025-02-11 02:22:54] [INFO] setCarPosition
[2025-02-11 02:22:54] [INFO] setCarPosition
[2025-02-11 02:22:54] [ERROR] Error processing setcarposition request
[2025-02-11 02:22:54] [INFO] [90mPOST /setcarposition[39m [31m500[39m [90m6ms[39m
[2025-02-11 02:25:17] [INFO] Server started on port 3000
[2025-02-11 02:25:17] [INFO] Bot JarvisTufBot avviato
[2025-02-11 02:25:17] [INFO] --------------------
[2025-02-11 02:25:17] [INFO] List of chatsId: {44537468}
[2025-02-11 02:25:17] [INFO] Sending launch message to chatId: 44537468
[2025-02-11 02:25:17] [INFO] Comandi impostati con successo!
[2025-02-11 02:25:23] [INFO] setCarPosition
[2025-02-11 02:25:23] [INFO] setCarPosition
[2025-02-11 02:25:23] [ERROR] Error processing setcarposition request
[2025-02-11 02:25:23] [INFO] [90mPOST /setcarposition[39m [31m500[39m [90m6ms[39m
[2025-02-11 02:26:55] [INFO] Server started on port 3000
[2025-02-11 02:26:55] [INFO] Bot JarvisTufBot avviato
[2025-02-11 02:26:55] [INFO] --------------------
[2025-02-11 02:26:55] [INFO] List of chatsId: {44537468}
[2025-02-11 02:26:55] [INFO] Sending launch message to chatId: 44537468
[2025-02-11 02:26:55] [INFO] Comandi impostati con successo!
[2025-02-11 02:27:01] [INFO] setCarPosition
[2025-02-11 02:27:01] [INFO] setCarPosition
[2025-02-11 02:27:01] [ERROR] Error processing setcarposition request
[2025-02-11 02:27:01] [INFO] POST /setcarposition 500 5ms
[2025-02-11 02:28:54] [INFO] Server started on port 3000
[2025-02-11 02:28:54] [INFO] Bot JarvisTufBot avviato
[2025-02-11 02:28:54] [INFO] --------------------
[2025-02-11 02:28:54] [INFO] List of chatsId: {44537468}
[2025-02-11 02:28:54] [INFO] Sending launch message to chatId: 44537468
[2025-02-11 02:28:54] [INFO] Comandi impostati con successo!
[2025-02-11 02:28:56] [INFO] setCarPosition request:
[2025-02-11 02:28:56] [ERROR] Error processing setCarPosition request
[2025-02-11 02:28:56] [INFO] POST /setcarposition 500 4ms
[2025-02-11 02:29:48] [INFO] setCarPosition request:
[2025-02-11 02:29:48] [ERROR] Error processing setCarPosition request
[2025-02-11 02:29:48] [INFO] POST /setcarposition 500 1ms
[2025-02-11 02:32:56] [INFO] Server started on port 3000
[2025-02-11 02:32:56] [INFO] Bot JarvisTufBot avviato
[2025-02-11 02:32:56] [INFO] --------------------
[2025-02-11 02:32:56] [INFO] List of chatsId: {44537468}
[2025-02-11 02:32:56] [INFO] Sending launch message to chatId: 44537468
[2025-02-11 02:32:56] [INFO] Comandi impostati con successo!
[2025-02-11 02:33:01] [INFO] setCarPosition request:
[2025-02-11 02:33:01] [INFO] Setting car position
[2025-02-11 02:33:01] [INFO] POST /setcarposition 200 3ms
[2025-02-11 02:35:40] [INFO] Server started on port 3000
[2025-02-11 02:35:40] [INFO] Bot JarvisTufBot avviato
[2025-02-11 02:35:40] [INFO] --------------------
[2025-02-11 02:35:40] [INFO] List of chatsId: {44537468}
[2025-02-11 02:35:40] [INFO] Sending launch message to chatId: 44537468
[2025-02-11 02:35:40] [INFO] Comandi impostati con successo!
[2025-02-11 02:35:42] [INFO] setCarPosition request:
[2025-02-11 02:35:42] [INFO] Setting car position
[2025-02-11 02:35:42] [INFO] POST /setcarposition 200 3ms
[2025-02-11 02:36:23] [INFO] setCarPosition request:
[2025-02-11 02:36:23] [INFO] Setting car position
[2025-02-11 02:36:23] [INFO] POST /setCarPosition 200 1ms
[2025-02-11 02:38:06] [INFO] Server started on port 3000
[2025-02-11 02:38:06] [INFO] Bot JarvisTufBot avviato
[2025-02-11 02:38:06] [INFO] --------------------
[2025-02-11 02:38:06] [INFO] List of chatsId: {44537468}
[2025-02-11 02:38:06] [INFO] Sending launch message to chatId: 44537468
[2025-02-11 02:38:06] [INFO] Comandi impostati con successo!
[2025-02-11 02:38:08] [INFO] setCarPosition request:
[2025-02-11 02:38:08] [INFO] Setting car position
[2025-02-11 02:38:08] [INFO] POST /setCarPosition 200 4ms
[2025-02-11 02:39:04] [INFO] Server started on port 3000
[2025-02-11 02:39:04] [INFO] Bot JarvisTufBot avviato
[2025-02-11 02:39:04] [INFO] --------------------
[2025-02-11 02:39:04] [INFO] List of chatsId: {44537468}
[2025-02-11 02:39:04] [INFO] Sending launch message to chatId: 44537468
[2025-02-11 02:39:04] [INFO] Comandi impostati con successo!
[2025-02-11 02:39:06] [INFO] setCarPosition request:
[2025-02-11 02:39:06] [INFO] Setting car position
[2025-02-11 02:39:06] [INFO] POST /setCarPosition 200 3ms
[2025-02-11 02:40:44] [INFO] Server started on port 3000: undefined
[2025-02-11 02:40:44] [INFO] Bot JarvisTufBot avviato: undefined
[2025-02-11 02:40:44] [INFO] --------------------: undefined
[2025-02-11 02:40:44] [INFO] List of chatsId: {44537468}: undefined
[2025-02-11 02:40:44] [INFO] Sending launch message to chatId: 44537468: undefined
[2025-02-11 02:40:44] [INFO] Comandi impostati con successo!: undefined
[2025-02-11 02:40:47] [INFO] setCarPosition request:: undefined
[2025-02-11 02:40:47] [INFO] Setting car position: undefined
[2025-02-11 02:40:47] [INFO] POST /setCarPosition 200 3ms: [object Object]
[2025-02-11 02:47:46] [INFO] message: Server started on port 3000
[2025-02-11 02:47:46] [INFO] message: Bot JarvisTufBot avviato
[2025-02-11 02:47:46] [INFO] message: --------------------
[2025-02-11 02:47:46] [INFO] message: List of chatsId: {44537468}
[2025-02-11 02:47:46] [INFO] message: Sending launch message to chatId: 44537468
[2025-02-11 02:47:46] [INFO] message: Comandi impostati con successo!
[2025-02-11 02:47:49] [INFO] message: setCarPosition request: {"body":{"owner":"Mario","position":"42.123,12.456"},"test":"test"}
[2025-02-11 02:47:49] [INFO] message: Setting car position {"owner":"Mario","position":"42.123,12.456"}
[2025-02-11 02:47:49] [INFO] message: POST /setCarPosition 200 2ms {"meta":{"req":{"url":"/setCarPosition","headers":{"host":"localhost:3000","user-agent":"curl/8.7.1","accept":"*/*","content-type":"application/json","content-length":"44"},"method":"POST","httpVersion":"1.1","originalUrl":"/setCarPosition","query":{}},"res":{"statusCode":200},"responseTime":2}}
