{"level":"info","message":"Server started on port 3000","timestamp":"2025-02-10T00:51:30.910Z"}
{"level":"info","message":"Bot JarvisTufBot avviato","timestamp":"2025-02-10T00:51:30.918Z"}
{"level":"info","message":"--------------------","timestamp":"2025-02-10T00:51:30.918Z"}
{"level":"info","message":"Sending launch message to chatId:44537468","timestamp":"2025-02-10T00:51:30.919Z"}
{"level":"info","message":"Comandi impostati con successo!","timestamp":"2025-02-10T00:51:31.091Z"}
{"level":"info","message":"Test endpoint called","query":{},"timestamp":"2025-02-10T00:51:56.081Z"}
{"level":"info","message":"\u001b[90mGET /test\u001b[39m \u001b[32m200\u001b[39m \u001b[90m4ms\u001b[39m","meta":{"req":{"headers":{"accept":"text/html,application/xhtml+xml,application/xml;q=0.9,image/avif,image/webp,image/apng,*/*;q=0.8,application/signed-exchange;v=b3;q=0.7","accept-encoding":"gzip, deflate, br, zstd","accept-language":"it-IT,it;q=0.9,en-GB;q=0.8,en;q=0.7,en-US;q=0.6","connection":"keep-alive","host":"localhost:3000","sec-ch-ua":"\"Not A(Brand\";v=\"8\", \"Chromium\";v=\"132\", \"Google Chrome\";v=\"132\"","sec-ch-ua-mobile":"?0","sec-ch-ua-platform":"\"macOS\"","sec-fetch-dest":"document","sec-fetch-mode":"navigate","sec-fetch-site":"none","sec-fetch-user":"?1","upgrade-insecure-requests":"1","user-agent":"Mozilla/5.0 (Macintosh; Intel Mac OS X 10_15_7) AppleWebKit/537.36 (KHTML, like Gecko) Chrome/132.0.0.0 Safari/537.36"},"httpVersion":"1.1","method":"GET","originalUrl":"/test","query":{},"url":"/test"},"res":{"statusCode":200},"responseTime":4},"timestamp":"2025-02-10T00:51:56.088Z"}
{"level":"info","message":"\u001b[90mGET /favicon.ico\u001b[39m \u001b[33m404\u001b[39m \u001b[90m2ms\u001b[39m","meta":{"req":{"headers":{"accept":"image/avif,image/webp,image/apng,image/svg+xml,image/*,*/*;q=0.8","accept-encoding":"gzip, deflate, br, zstd","accept-language":"it-IT,it;q=0.9,en-GB;q=0.8,en;q=0.7,en-US;q=0.6","connection":"keep-alive","host":"localhost:3000","referer":"http://localhost:3000/test","sec-ch-ua":"\"Not A(Brand\";v=\"8\", \"Chromium\";v=\"132\", \"Google Chrome\";v=\"132\"","sec-ch-ua-mobile":"?0","sec-ch-ua-platform":"\"macOS\"","sec-fetch-dest":"image","sec-fetch-mode":"no-cors","sec-fetch-site":"same-origin","user-agent":"Mozilla/5.0 (Macintosh; Intel Mac OS X 10_15_7) AppleWebKit/537.36 (KHTML, like Gecko) Chrome/132.0.0.0 Safari/537.36"},"httpVersion":"1.1","method":"GET","originalUrl":"/favicon.ico","query":{},"url":"/favicon.ico"},"res":{"statusCode":404},"responseTime":2},"timestamp":"2025-02-10T00:51:56.541Z"}
{"level":"info","message":"Server started on port 3000","timestamp":"2025-02-10T22:40:18.856Z"}
{"level":"info","message":"Bot JarvisTufBot avviato","timestamp":"2025-02-10T22:40:18.864Z"}
{"level":"info","message":"--------------------","timestamp":"2025-02-10T22:40:18.865Z"}
{"level":"info","message":"Sending launch message to chatId:44537468","timestamp":"2025-02-10T22:40:18.865Z"}
{"level":"info","message":"Comandi impostati con successo!","timestamp":"2025-02-10T22:40:19.062Z"}
{"level":"info","message":"Test endpoint called","query":{},"timestamp":"2025-02-10T22:43:37.253Z"}
{"level":"info","message":"\u001b[90mPOST /setCarPosition\u001b[39m \u001b[32m200\u001b[39m \u001b[90m3ms\u001b[39m","meta":{"req":{"headers":{"accept":"*/*","host":"localhost:3000","user-agent":"curl/8.7.1"},"httpVersion":"1.1","method":"POST","originalUrl":"/setCarPosition","query":{},"url":"/setCarPosition"},"res":{"statusCode":200},"responseTime":3},"timestamp":"2025-02-10T22:43:37.261Z"}
{"level":"info","message":"[1739227584464] Server started on port 3000","timestamp":"2025-02-10T22:46:24.464Z"}
{"level":"info","message":"[1739227584471] Bot JarvisTufBot avviato","timestamp":"2025-02-10T22:46:24.471Z"}
{"level":"info","message":"[1739227584472] --------------------","timestamp":"2025-02-10T22:46:24.472Z"}
{"level":"info","message":"[1739227584472] Sending launch message to chatId:44537468","timestamp":"2025-02-10T22:46:24.472Z"}
{"level":"info","message":"[1739227584634] Comandi impostati con successo!","timestamp":"2025-02-10T22:46:24.634Z"}
{"level":"info","message":"[2025-02-10T22:48:34.578Z] Server started on port 3000","timestamp":"2025-02-10T22:48:34.579Z"}
{"level":"info","message":"[2025-02-10T22:48:34.586Z] Bot JarvisTufBot avviato","timestamp":"2025-02-10T22:48:34.586Z"}
{"level":"info","message":"[2025-02-10T22:48:34.586Z] --------------------","timestamp":"2025-02-10T22:48:34.586Z"}
{"level":"info","message":"[2025-02-10T22:48:34.587Z] Sending launch message to chatId:44537468","timestamp":"2025-02-10T22:48:34.587Z"}
{"level":"info","message":"[2025-02-10T22:48:34.745Z] Comandi impostati con successo!","timestamp":"2025-02-10T22:48:34.745Z"}
{"level":"info","message":"[2025-02-10T22:54:30.381Z] Server started on port 3000","timestamp":"2025-02-10T22:54:30.382Z"}
{"level":"info","message":"[2025-02-10T22:54:30.389Z] Bot JarvisTufBot avviato","timestamp":"2025-02-10T22:54:30.389Z"}
{"level":"info","message":"[2025-02-10T22:54:30.390Z] --------------------","timestamp":"2025-02-10T22:54:30.390Z"}
{"level":"info","message":"[2025-02-10T22:54:30.390Z] Sending launch message to chatId:44537468","timestamp":"2025-02-10T22:54:30.390Z"}
{"level":"info","message":"[2025-02-10T22:54:30.627Z] Comandi impostati con successo!","timestamp":"2025-02-10T22:54:30.627Z"}
